\BOOKMARK [1][-]{section.1}{\376\377\137\025\212\000}{}% 1
\BOOKMARK [1][-]{section.2}{\376\377\152\041\127\213\147\204\136\372}{}% 2
\BOOKMARK [2][-]{subsection.2.1}{\376\377\226\220\232\154\134\024\171\321\131\053\152\041\127\213}{section.2}% 3
\BOOKMARK [2][-]{subsection.2.2}{\376\377\000D\000B\000N\165\050\116\216\232\250\232\274\152\041\127\127}{section.2}% 4
\BOOKMARK [3][-]{subsubsection.2.2.1}{\376\377\232\250\232\274\145\160\143\156\166\204\230\204\131\004\164\006}{subsection.2.2}% 5
\BOOKMARK [3][-]{subsubsection.2.2.2}{\376\377\155\361\136\246\177\156\117\341\177\121\176\334}{subsection.2.2}% 6
\BOOKMARK [2][-]{subsection.2.3}{\376\377\0003\000D\000-\000C\000N\000N\165\050\116\216\000R\000G\000B\000-\000D\152\041\127\127}{section.2}% 7
\BOOKMARK [3][-]{subsubsection.2.3.1}{\376\377\000R\000G\000B\000-\000D\145\160\143\156\166\204\230\204\131\004\164\006}{subsection.2.3}% 8
\BOOKMARK [3][-]{subsubsection.2.3.2}{\376\377\0003\000D\000-\000C\000N\000N\177\121\176\334}{subsection.2.3}% 9
\BOOKMARK [2][-]{subsection.2.4}{\376\377\131\032\152\041\140\001\207\215\124\010}{section.2}% 10
\BOOKMARK [2][-]{subsection.2.5}{\376\377\147\054\145\207\166\204\145\071\217\333}{section.2}% 11
\BOOKMARK [3][-]{subsubsection.2.5.1}{\376\377\123\314\220\032\220\123\122\006\171\273\123\167\171\357}{subsection.2.5}% 12
\BOOKMARK [3][-]{subsubsection.2.5.2}{\376\377\152\041\127\213\211\304\122\031\123\026}{subsection.2.5}% 13
\BOOKMARK [3][-]{subsubsection.2.5.3}{\376\377\122\250\140\001\214\003\145\164\217\223\121\145\136\047\153\145\225\177}{subsection.2.5}% 14
\BOOKMARK [1][-]{section.3}{\376\377\133\236\232\214\213\276\177\156}{}% 15
\BOOKMARK [2][-]{subsection.3.1}{\376\377\133\236\232\214\145\160\143\156\226\306}{section.3}% 16
\BOOKMARK [2][-]{subsection.3.2}{\376\377\133\236\232\214\213\276\177\156}{section.3}% 17
\BOOKMARK [2][-]{subsection.3.3}{\376\377\213\304\116\367\150\007\121\306}{section.3}% 18
\BOOKMARK [1][-]{section.4}{\376\377\133\236\232\214\176\323\147\234\122\006\147\220}{}% 19
\BOOKMARK [2][-]{subsection.4.1}{\376\377\123\237\145\271\154\325\133\236\232\214\176\323\147\234}{section.4}% 20
\BOOKMARK [2][-]{subsection.4.2}{\376\377\145\071\217\333\145\271\154\325\133\236\232\214\176\323\147\234}{section.4}% 21
\BOOKMARK [1][-]{section.5}{\376\377\176\323\213\272}{}% 22
